<?xml version="1.0" encoding="UTF-8"?>
<testng-results ignored="0" total="5" passed="4" failed="1" skipped="0">
  <reporter-output>
  </reporter-output>
  <suite started-at="2021-03-22T21:28:05 IST" name="Default suite" finished-at="2021-03-22T21:29:45 IST" duration-ms="100235">
    <groups>
    </groups>
    <test started-at="2021-03-22T21:28:05 IST" name="Default test" finished-at="2021-03-22T21:29:45 IST" duration-ms="100235">
      <class name="com.crm.qa.testcases.AddContactsPageTest">
        <test-method is-config="true" signature="setUp()[pri:0, instance:com.crm.qa.testcases.AddContactsPageTest@4f638935]" started-at="2021-03-22T21:28:05 IST" name="setUp" finished-at="2021-03-22T21:28:14 IST" duration-ms="8555" status="PASS">
          <reporter-output>
          </reporter-output>
        </test-method> <!-- setUp -->
        <test-method signature="verifyAddNewContactsPageTest()[pri:1, instance:com.crm.qa.testcases.AddContactsPageTest@4f638935]" started-at="2021-03-22T21:28:14 IST" name="verifyAddNewContactsPageTest" finished-at="2021-03-22T21:28:18 IST" duration-ms="4057" status="PASS">
          <reporter-output>
          </reporter-output>
        </test-method> <!-- verifyAddNewContactsPageTest -->
        <test-method is-config="true" signature="tearDown()[pri:0, instance:com.crm.qa.testcases.AddContactsPageTest@4f638935]" started-at="2021-03-22T21:28:18 IST" name="tearDown" finished-at="2021-03-22T21:28:23 IST" duration-ms="5218" status="PASS">
          <reporter-output>
          </reporter-output>
        </test-method> <!-- tearDown -->
        <test-method is-config="true" signature="setUp()[pri:0, instance:com.crm.qa.testcases.AddContactsPageTest@4f638935]" started-at="2021-03-22T21:28:24 IST" name="setUp" finished-at="2021-03-22T21:28:32 IST" duration-ms="7262" status="PASS">
          <reporter-output>
          </reporter-output>
        </test-method> <!-- setUp -->
        <test-method signature="createNewContactTest(java.lang.String,java.lang.String)[pri:2, instance:com.crm.qa.testcases.AddContactsPageTest@4f638935]" started-at="2021-03-22T21:28:32 IST" name="createNewContactTest" data-provider="getTestData" finished-at="2021-03-22T21:28:39 IST" duration-ms="6874" status="PASS">
          <params>
            <param index="0">
              <value>
                <![CDATA[Tom]]>
              </value>
            </param>
            <param index="1">
              <value>
                <![CDATA[Peter]]>
              </value>
            </param>
          </params>
          <reporter-output>
          </reporter-output>
        </test-method> <!-- createNewContactTest -->
        <test-method is-config="true" signature="tearDown()[pri:0, instance:com.crm.qa.testcases.AddContactsPageTest@4f638935]" started-at="2021-03-22T21:28:39 IST" name="tearDown" finished-at="2021-03-22T21:28:44 IST" duration-ms="5118" status="PASS">
          <reporter-output>
          </reporter-output>
        </test-method> <!-- tearDown -->
        <test-method is-config="true" signature="setUp()[pri:0, instance:com.crm.qa.testcases.AddContactsPageTest@4f638935]" started-at="2021-03-22T21:28:44 IST" name="setUp" finished-at="2021-03-22T21:28:52 IST" duration-ms="8753" status="PASS">
          <reporter-output>
          </reporter-output>
        </test-method> <!-- setUp -->
        <test-method signature="createNewContactTest(java.lang.String,java.lang.String)[pri:2, instance:com.crm.qa.testcases.AddContactsPageTest@4f638935]" started-at="2021-03-22T21:28:52 IST" name="createNewContactTest" data-provider="getTestData" finished-at="2021-03-22T21:28:59 IST" duration-ms="6300" status="PASS">
          <params>
            <param index="0">
              <value>
                <![CDATA[David]]>
              </value>
            </param>
            <param index="1">
              <value>
                <![CDATA[Cris]]>
              </value>
            </param>
          </params>
          <reporter-output>
          </reporter-output>
        </test-method> <!-- createNewContactTest -->
        <test-method is-config="true" signature="tearDown()[pri:0, instance:com.crm.qa.testcases.AddContactsPageTest@4f638935]" started-at="2021-03-22T21:28:59 IST" name="tearDown" finished-at="2021-03-22T21:29:04 IST" duration-ms="5112" status="PASS">
          <reporter-output>
          </reporter-output>
        </test-method> <!-- tearDown -->
        <test-method is-config="true" signature="setUp()[pri:0, instance:com.crm.qa.testcases.AddContactsPageTest@4f638935]" started-at="2021-03-22T21:29:04 IST" name="setUp" finished-at="2021-03-22T21:29:13 IST" duration-ms="9081" status="PASS">
          <reporter-output>
          </reporter-output>
        </test-method> <!-- setUp -->
        <test-method signature="createNewContactTest(java.lang.String,java.lang.String)[pri:2, instance:com.crm.qa.testcases.AddContactsPageTest@4f638935]" started-at="2021-03-22T21:29:13 IST" name="createNewContactTest" data-provider="getTestData" finished-at="2021-03-22T21:29:20 IST" duration-ms="6621" status="PASS">
          <params>
            <param index="0">
              <value>
                <![CDATA[Mukta]]>
              </value>
            </param>
            <param index="1">
              <value>
                <![CDATA[Sharma]]>
              </value>
            </param>
          </params>
          <reporter-output>
          </reporter-output>
        </test-method> <!-- createNewContactTest -->
        <test-method is-config="true" signature="tearDown()[pri:0, instance:com.crm.qa.testcases.AddContactsPageTest@4f638935]" started-at="2021-03-22T21:29:20 IST" name="tearDown" finished-at="2021-03-22T21:29:25 IST" duration-ms="5106" status="PASS">
          <reporter-output>
          </reporter-output>
        </test-method> <!-- tearDown -->
        <test-method is-config="true" signature="setUp()[pri:0, instance:com.crm.qa.testcases.AddContactsPageTest@4f638935]" started-at="2021-03-22T21:29:25 IST" name="setUp" finished-at="2021-03-22T21:29:32 IST" duration-ms="7341" status="PASS">
          <reporter-output>
          </reporter-output>
        </test-method> <!-- setUp -->
        <test-method signature="checkNewContactTest()[pri:3, instance:com.crm.qa.testcases.AddContactsPageTest@4f638935]" started-at="2021-03-22T21:29:32 IST" name="checkNewContactTest" finished-at="2021-03-22T21:29:40 IST" duration-ms="7903" status="FAIL">
          <exception class="java.lang.AssertionError">
            <message>
              <![CDATA[Contact's name not matched expected [john cena] but found [Mukta Sharma]]]>
            </message>
            <full-stacktrace>
              <![CDATA[java.lang.AssertionError: Contact's name not matched expected [john cena] but found [Mukta Sharma]
at org.testng.Assert.fail(Assert.java:99)
at org.testng.Assert.failNotEquals(Assert.java:1037)
at org.testng.Assert.assertEqualsImpl(Assert.java:140)
at org.testng.Assert.assertEquals(Assert.java:122)
at org.testng.Assert.assertEquals(Assert.java:629)
at com.crm.qa.testcases.AddContactsPageTest.checkNewContactTest(AddContactsPageTest.java:81)
at java.base/jdk.internal.reflect.NativeMethodAccessorImpl.invoke0(Native Method)
at java.base/jdk.internal.reflect.NativeMethodAccessorImpl.invoke(NativeMethodAccessorImpl.java:78)
at java.base/jdk.internal.reflect.DelegatingMethodAccessorImpl.invoke(DelegatingMethodAccessorImpl.java:43)
at java.base/java.lang.reflect.Method.invoke(Method.java:567)
at org.testng.internal.MethodInvocationHelper.invokeMethod(MethodInvocationHelper.java:133)
at org.testng.internal.TestInvoker.invokeMethod(TestInvoker.java:598)
at org.testng.internal.TestInvoker.invokeTestMethod(TestInvoker.java:173)
at org.testng.internal.MethodRunner.runInSequence(MethodRunner.java:46)
at org.testng.internal.TestInvoker$MethodInvocationAgent.invoke(TestInvoker.java:824)
at org.testng.internal.TestInvoker.invokeTestMethods(TestInvoker.java:146)
at org.testng.internal.TestMethodWorker.invokeTestMethods(TestMethodWorker.java:146)
at org.testng.internal.TestMethodWorker.run(TestMethodWorker.java:128)
at java.base/java.util.ArrayList.forEach(ArrayList.java:1511)
at org.testng.TestRunner.privateRun(TestRunner.java:794)
at org.testng.TestRunner.run(TestRunner.java:596)
at org.testng.SuiteRunner.runTest(SuiteRunner.java:377)
at org.testng.SuiteRunner.runSequentially(SuiteRunner.java:371)
at org.testng.SuiteRunner.privateRun(SuiteRunner.java:332)
at org.testng.SuiteRunner.run(SuiteRunner.java:276)
at org.testng.SuiteRunnerWorker.runSuite(SuiteRunnerWorker.java:53)
at org.testng.SuiteRunnerWorker.run(SuiteRunnerWorker.java:96)
at org.testng.TestNG.runSuitesSequentially(TestNG.java:1212)
at org.testng.TestNG.runSuitesLocally(TestNG.java:1134)
at org.testng.TestNG.runSuites(TestNG.java:1063)
at org.testng.TestNG.run(TestNG.java:1031)
at org.testng.remote.AbstractRemoteTestNG.run(AbstractRemoteTestNG.java:115)
at org.testng.remote.RemoteTestNG.initAndRun(RemoteTestNG.java:251)
at org.testng.remote.RemoteTestNG.main(RemoteTestNG.java:77)
]]>
            </full-stacktrace>
          </exception> <!-- java.lang.AssertionError -->
          <reporter-output>
          </reporter-output>
        </test-method> <!-- checkNewContactTest -->
        <test-method is-config="true" signature="tearDown()[pri:0, instance:com.crm.qa.testcases.AddContactsPageTest@4f638935]" started-at="2021-03-22T21:29:40 IST" name="tearDown" finished-at="2021-03-22T21:29:45 IST" duration-ms="5139" status="PASS">
          <reporter-output>
          </reporter-output>
        </test-method> <!-- tearDown -->
      </class> <!-- com.crm.qa.testcases.AddContactsPageTest -->
    </test> <!-- Default test -->
  </suite> <!-- Default suite -->
</testng-results>
